<?xml version="1.0" encoding="UTF-8"?>
<!-- Generated by org.testng.reporters.JUnitReportReporter -->
<testsuite skipped="0" hostname="LAPTOP-20464U94" name="testcases.TC001veriyLogin" tests="1" failures="0" timestamp="28 Nov 2020 21:00:44 GMT" time="16.143" errors="0">
  <testcase name="verifyLogin" time="16.143" classname="testcases.TC001veriyLogin"/>
</testsuite> <!-- testcases.TC001veriyLogin -->
