<?xml version="1.0" encoding="UTF-8"?>
<!-- Generated by org.testng.reporters.JUnitReportReporter -->
<testsuite skipped="0" hostname="LAPTOP-20464U94" name="testcases.TC001veriyLogin" tests="1" failures="0" timestamp="02 Apr 2021 20:56:20 GMT" time="11.917" errors="0">
  <testcase name="verifyLogin" time="11.917" classname="testcases.TC001veriyLogin"/>
</testsuite> <!-- testcases.TC001veriyLogin -->
